<?xml version="1.0" encoding="utf-8"?>
<coverage line-rate="1" branch-rate="1" version="1.9" timestamp="1750124690" lines-covered="54" lines-valid="54"
          branches-covered="8" branches-valid="8">
    <sources>
        <source>/home/alray/workspace/tlarc-v2/Kernel/Kernel.Core/src/</source>
    </sources>
    <packages>
        <package name="Kernel.Core" line-rate="1" branch-rate="1" complexity="13">
            <classes>
                <class name="Kernel.Core.Messages.StdMessage`1" filename="Messages/StdMessage.cs" line-rate="1"
                       branch-rate="1" complexity="2">
                    <methods>
                        <method name="Build" signature="(TInterface)" line-rate="1" branch-rate="1" complexity="1">
                            <lines>
                                <line number="12" hits="41000" branch="False"/>
                                <line number="13" hits="41000" branch="False"/>
                                <line number="14" hits="41000" branch="False"/>
                            </lines>
                        </method>
                        <method name=".ctor" signature="()" line-rate="1" branch-rate="1" complexity="1">
                            <lines>
                                <line number="8" hits="123000" branch="False"/>
                            </lines>
                        </method>
                    </methods>
                    <lines>
                        <line number="12" hits="41000" branch="False"/>
                        <line number="13" hits="41000" branch="False"/>
                        <line number="14" hits="41000" branch="False"/>
                        <line number="8" hits="123000" branch="False"/>
                    </lines>
                </class>
                <class name="Kernel.Core.EventBus.EventBus" filename="EventBus/EventBus.cs" line-rate="1"
                       branch-rate="1" complexity="11">
                    <methods>
                        <method name="get_Instance" signature="()" line-rate="1" branch-rate="1" complexity="1">
                            <lines>
                                <line number="11" hits="45021" branch="False"/>
                            </lines>
                        </method>
                        <method name="Subscribe" signature="(System.String,System.Action`1&lt;TData&gt;)" line-rate="1"
                                branch-rate="1" complexity="2">
                            <lines>
                                <line number="34" hits="3010" branch="False"/>
                                <line number="35" hits="3010" branch="False"/>
                                <line number="37" hits="3010" branch="False"/>
                                <line number="39" hits="3010" branch="True" condition-coverage="100% (2/2)">
                                    <conditions>
                                        <condition number="44" type="jump" coverage="100%"/>
                                    </conditions>
                                </line>
                                <line number="40" hits="3" branch="False"/>
                                <line number="41" hits="3" branch="False"/>
                                <line number="42" hits="3" branch="False"/>
                                <line number="43" hits="3" branch="False"/>
                                <line number="45" hits="3010" branch="False"/>
                                <line number="46" hits="3010" branch="False"/>
                                <line number="47" hits="3010" branch="False"/>
                            </lines>
                        </method>
                        <method name="Subscribe" signature="(System.String,System.Action)" line-rate="1" branch-rate="1"
                                complexity="2">
                            <lines>
                                <line number="50" hits="10" branch="False"/>
                                <line number="51" hits="10" branch="False"/>
                                <line number="53" hits="10" branch="False"/>
                                <line number="55" hits="10" branch="True" condition-coverage="100% (2/2)">
                                    <conditions>
                                        <condition number="44" type="jump" coverage="100%"/>
                                    </conditions>
                                </line>
                                <line number="56" hits="1" branch="False"/>
                                <line number="57" hits="1" branch="False"/>
                                <line number="58" hits="1" branch="False"/>
                                <line number="59" hits="1" branch="False"/>
                                <line number="61" hits="10" branch="False"/>
                                <line number="62" hits="10" branch="False"/>
                                <line number="63" hits="10" branch="False"/>
                            </lines>
                        </method>
                        <method name="Publish" signature="(System.String,TData)" line-rate="1" branch-rate="1"
                                complexity="2">
                            <lines>
                                <line number="69" hits="41001" branch="False"/>
                                <line number="70" hits="41001" branch="False"/>
                                <line number="72" hits="41001" branch="False"/>
                                <line number="74" hits="41001" branch="True" condition-coverage="100% (2/2)">
                                    <conditions>
                                        <condition number="64" type="jump" coverage="100%"/>
                                    </conditions>
                                </line>
                                <line number="75" hits="41000" branch="False"/>
                                <line number="76" hits="41000" branch="False"/>
                                <line number="77" hits="30051000" branch="False"/>
                                <line number="78" hits="41000" branch="False"/>
                                <line number="80" hits="41001" branch="False"/>
                                <line number="81" hits="41001" branch="False"/>
                            </lines>
                        </method>
                        <method name="Publish" signature="(System.String)" line-rate="1" branch-rate="1" complexity="2">
                            <lines>
                                <line number="84" hits="1000" branch="False"/>
                                <line number="85" hits="1000" branch="False"/>
                                <line number="87" hits="1000" branch="True" condition-coverage="100% (2/2)">
                                    <conditions>
                                        <condition number="29" type="jump" coverage="100%"/>
                                    </conditions>
                                </line>
                                <line number="88" hits="1000" branch="False"/>
                                <line number="89" hits="1000" branch="False"/>
                                <line number="90" hits="11000" branch="False"/>
                                <line number="91" hits="1000" branch="False"/>
                                <line number="93" hits="1000" branch="False"/>
                                <line number="94" hits="1000" branch="False"/>
                            </lines>
                        </method>
                        <method name=".ctor" signature="()" line-rate="1" branch-rate="1" complexity="1">
                            <lines>
                                <line number="15" hits="1" branch="False"/>
                                <line number="17" hits="1" branch="False"/>
                                <line number="20" hits="1" branch="False"/>
                                <line number="22" hits="1" branch="False"/>
                                <line number="25" hits="1" branch="False"/>
                                <line number="26" hits="1" branch="False"/>
                                <line number="27" hits="1" branch="False"/>
                            </lines>
                        </method>
                        <method name=".cctor" signature="()" line-rate="1" branch-rate="1" complexity="1">
                            <lines>
                                <line number="12" hits="2" branch="False"/>
                            </lines>
                        </method>
                    </methods>
                    <lines>
                        <line number="11" hits="45021" branch="False"/>
                        <line number="34" hits="3010" branch="False"/>
                        <line number="35" hits="3010" branch="False"/>
                        <line number="37" hits="3010" branch="False"/>
                        <line number="39" hits="3010" branch="True" condition-coverage="100% (2/2)">
                            <conditions>
                                <condition number="44" type="jump" coverage="100%"/>
                            </conditions>
                        </line>
                        <line number="40" hits="3" branch="False"/>
                        <line number="41" hits="3" branch="False"/>
                        <line number="42" hits="3" branch="False"/>
                        <line number="43" hits="3" branch="False"/>
                        <line number="45" hits="3010" branch="False"/>
                        <line number="46" hits="3010" branch="False"/>
                        <line number="47" hits="3010" branch="False"/>
                        <line number="50" hits="10" branch="False"/>
                        <line number="51" hits="10" branch="False"/>
                        <line number="53" hits="10" branch="False"/>
                        <line number="55" hits="10" branch="True" condition-coverage="100% (2/2)">
                            <conditions>
                                <condition number="44" type="jump" coverage="100%"/>
                            </conditions>
                        </line>
                        <line number="56" hits="1" branch="False"/>
                        <line number="57" hits="1" branch="False"/>
                        <line number="58" hits="1" branch="False"/>
                        <line number="59" hits="1" branch="False"/>
                        <line number="61" hits="10" branch="False"/>
                        <line number="62" hits="10" branch="False"/>
                        <line number="63" hits="10" branch="False"/>
                        <line number="69" hits="41001" branch="False"/>
                        <line number="70" hits="41001" branch="False"/>
                        <line number="72" hits="41001" branch="False"/>
                        <line number="74" hits="41001" branch="True" condition-coverage="100% (2/2)">
                            <conditions>
                                <condition number="64" type="jump" coverage="100%"/>
                            </conditions>
                        </line>
                        <line number="75" hits="41000" branch="False"/>
                        <line number="76" hits="41000" branch="False"/>
                        <line number="77" hits="30051000" branch="False"/>
                        <line number="78" hits="41000" branch="False"/>
                        <line number="80" hits="41001" branch="False"/>
                        <line number="81" hits="41001" branch="False"/>
                        <line number="84" hits="1000" branch="False"/>
                        <line number="85" hits="1000" branch="False"/>
                        <line number="87" hits="1000" branch="True" condition-coverage="100% (2/2)">
                            <conditions>
                                <condition number="29" type="jump" coverage="100%"/>
                            </conditions>
                        </line>
                        <line number="88" hits="1000" branch="False"/>
                        <line number="89" hits="1000" branch="False"/>
                        <line number="90" hits="11000" branch="False"/>
                        <line number="91" hits="1000" branch="False"/>
                        <line number="93" hits="1000" branch="False"/>
                        <line number="94" hits="1000" branch="False"/>
                        <line number="15" hits="1" branch="False"/>
                        <line number="17" hits="1" branch="False"/>
                        <line number="20" hits="1" branch="False"/>
                        <line number="22" hits="1" branch="False"/>
                        <line number="25" hits="1" branch="False"/>
                        <line number="26" hits="1" branch="False"/>
                        <line number="27" hits="1" branch="False"/>
                        <line number="12" hits="2" branch="False"/>
                    </lines>
                </class>
            </classes>
        </package>
        <package name="Kernel.DataInterfaces" line-rate="1" branch-rate="1" complexity="0">
            <classes/>
        </package>
    </packages>
</coverage>